2026-02-10 15:25:42 | Iniciadoasdasgasdf
2026-02-10 15:29:16 | Iniciado
2026-02-10 15:29:22 | Pull executado
2026-02-10 15:29:47 | Pull executado
2026-02-10 15:29:53 | Encerrado
2026-02-10 15:30:03 | Iniciado
2026-02-10 15:50:22 | Iniciado
2026-02-10 15:50:25 | Encerrado
2026-02-10 15:50:32 | Iniciado
2026-02-10 15:50:33 | Encerrado
2026-02-10 15:50:47 | Iniciado
2026-02-10 15:51:32 | Iniciado
2026-02-10 15:58:46 | Iniciado
2026-02-10 15:58:47 | Pull executado
2026-02-10 15:58:47 | Encerrado
2026-02-10 15:59:21 | Iniciado
2026-02-10 16:02:23 | Iniciado
2026-02-10 16:07:22 | Iniciado
2026-02-10 16:07:42 | Iniciado
2026-02-10 16:07:45 | Encerrado
2026-02-10 16:07:53 | Iniciado
2026-02-10 16:10:36 | Iniciado
2026-02-10 16:14:58 | Iniciado
2026-02-10 16:15:22 | Encerrado
2026-02-10 16:15:24 | Iniciado
2026-02-10 16:15:26 | Encerrado
2026-02-10 16:15:31 | Iniciado
2026-02-10 16:15:36 | Pull executado
2026-02-10 16:15:44 | Rollback executado
2026-02-10 16:16:47 | Encerrado
2026-02-10 16:16:49 | Iniciado
2026-02-10 16:17:01 | Pull executado
2026-02-10 16:17:17 | Push: Herik | Atualizou:  - Teste 123
2026-02-10 16:17:23 | Pull executado
2026-02-10 16:19:24 | Encerrado
2026-02-10 16:19:25 [INFO] Iniciado
2026-02-10 16:19:31 [INFO] Pull executado
2026-02-10 16:19:58 [INFO] Pull executado
2026-02-10 16:20:11 [INFO] Push: Herik | Atualizou: teste2.sql - Teste 123
2026-02-10 16:20:13 [INFO] Pull executado
2026-02-10 16:27:45 [INFO] Encerrado
2026-02-10 16:27:48 [INFO] Iniciado
2026-02-10 16:28:15 [INFO] Push: Herik | Atualizou: teste2.sql - Teste 321
2026-02-10 16:28:36 [INFO] Push: Herik | Atualizou: teste2.sql - Teste
2026-02-10 16:29:04 [INFO] Encerrado
2026-02-10 16:29:06 [INFO] Iniciado
2026-02-10 16:30:15 [INFO] Push: Herik | Atualizou: teste2.sql - Teste 123
2026-02-10 16:30:17 [INFO] Encerrado
2026-02-10 16:53:06 [INFO] Iniciado
2026-02-10 16:53:24 [INFO] Encerrado
2026-02-10 16:53:51 [INFO] Iniciado
2026-02-10 16:55:24 [INFO] Iniciado
2026-02-10 16:55:32 [INFO] Pull executado
2026-02-10 16:57:12 [INFO] Pull executado
2026-02-10 16:58:19 [INFO] Push: Herik | Atualizou: teste2.sql - Teste final
2026-02-10 16:58:24 [INFO] Pull executado
2026-02-10 16:58:33 [INFO] Encerrado
2026-02-10 16:59:16 [INFO] Iniciado
2026-02-10 16:59:28 [INFO] Pull executado
2026-02-10 16:59:50 [INFO] Push: Herik | Atualizou: teste2.sql - Teste 12345
2026-02-10 17:00:45 [INFO] Encerrado
2026-02-10 17:00:54 [INFO] Iniciado
2026-02-10 17:01:13 [INFO] Push: Herik | Atualizou: teste2.sql - Teste 123125123123
2026-02-10 17:02:27 [INFO] Encerrado
2026-02-10 17:02:33 [INFO] Iniciado
2026-02-10 17:02:38 [INFO] Encerrado
